Results for k =        1.0000000 
Inflation
      0.54998071 
     -0.92415595 
      0.23051031 
Unemployment Rate
     0.029936260 
       1.4825865 
   -0.0028098469 
Interest Rates
     0.085567633 
      -1.5553527 
      0.94632758 
Results for k =        2.0000000 
Inflation
      0.46606409 
     -0.76763515 
      0.17283340 
Unemployment Rate
     0.029995831 
       1.5440511 
     0.024137872 
Interest Rates
      0.18311110 
      -1.8592630 
      0.74214346 
Results for k =        3.0000000 
Inflation
      0.45492111 
     -0.87037501 
      0.11465555 
Unemployment Rate
     0.038647427 
       1.5487953 
     0.049354161 
Interest Rates
      0.22314511 
      -2.0953456 
      0.64469639 
Results for k =        4.0000000 
Inflation
      0.47808371 
     -0.98366589 
     0.085929442 
Unemployment Rate
     0.047163051 
       1.4998803 
     0.070519295 
Interest Rates
      0.21433905 
      -2.2330981 
      0.60940319 
