cal 1945 1 4
all 0 2000:4
open data \jepvar\ddisk\jepvar.rat
data(for=rats,compact=average) / gdpd fyff lhur
set dp / = log(gdpd(t)/gdpd(t-1))
set p / = 400*dp
set r / = fyff(t)
set u / = lhur(t)

* -- VAR --
COMPUTE  NEQN   = 3
COMPUTE  nlags = 4
COMPUTE  NSTEPS = 25
compute nfest = 1960:1
compute nlest = 2000:4
compute ndraws = 500
seed 807687

system(model=var1) 1 to 3
variables p u r
lags 1 to nlags
det constant
end(system)
estimate(print,OUTSIGMA=V1) nfest nlest

VAR/System - Estimation by Least Squares
Dependent Variable P
Quarterly Data From 1960:01 To 2000:04
Usable Observations    164     Degrees of Freedom   149
Centered R**2     0.850961      R Bar **2   0.836958
Uncentered R**2   0.956759      T x R**2     156.908
Mean of Dependent Variable      3.8758263411
Std Error of Dependent Variable 2.4854511528
Standard Error of Estimate      1.0035873352
Sum of Squared Residuals        150.07094338
Durbin-Watson Statistic             2.024169

   Variable                     Coeff       Std Error      T-Stat     Signif
*******************************************************************************
1.  P{1}                      0.546602285  0.079186457      6.90272  0.00000000
2.  P{2}                      0.075629259  0.090012164      0.84021  0.40213600
3.  P{3}                      0.111727627  0.090667409      1.23228  0.21978553
4.  P{4}                      0.266606423  0.082834580      3.21854  0.00158129
5.  U{1}                     -0.938364565  0.376336522     -2.49342  0.01374508
6.  U{2}                      1.639959768  0.637557197      2.57226  0.01108156
7.  U{3}                     -1.453186804  0.622477977     -2.33452  0.02090379
8.  U{4}                      0.587781244  0.346881031      1.69448  0.09226415
9.  R{1}                      0.227700687  0.101134885      2.25146  0.02581929
10. R{2}                     -0.228725371  0.135479280     -1.68827  0.09345165
11. R{3}                      0.062623787  0.134799931      0.46457  0.64291870
12. R{4}                     -0.069266381  0.103104549     -0.67181  0.50274673
13. Constant                  1.027153636  0.376083146      2.73119  0.00707279

F-Tests, Dependent Variable P
Variable            F-Statistic       Signif
P                        92.2286     0.0000000
U                         3.0611     0.0185385
R                         1.3005     0.2725105

Dependent Variable U
Quarterly Data From 1960:01 To 2000:04
Usable Observations    164     Degrees of Freedom   149
Centered R**2     0.977176      R Bar **2   0.975031
Uncentered R**2   0.998632      T x R**2     163.776
Mean of Dependent Variable      5.9599593496
Std Error of Dependent Variable 1.5095929555
Standard Error of Estimate      0.2385379346
Sum of Squared Residuals        8.4781515898
Durbin-Watson Statistic             1.896521

   Variable                     Coeff       Std Error      T-Stat     Signif
*******************************************************************************
1.  P{1}                      0.030732700  0.018821455      1.63285  0.10461104
2.  P{2}                     -0.030821573  0.021394566     -1.44063  0.15178836
3.  P{3}                      0.029789514  0.021550308      1.38232  0.16894073
4.  P{4}                     -0.024084316  0.019688560     -1.22326  0.22316094
5.  U{1}                      1.484507070  0.089449651     16.59601  0.00000000
6.  U{2}                     -0.570680876  0.151537959     -3.76593  0.00023828
7.  U{3}                      0.082707368  0.147953851      0.55901  0.57699556
8.  U{4}                     -0.053440699  0.082448514     -0.64817  0.51787225
9.  R{1}                     -0.003357547  0.024038273     -0.13968  0.88910536
10. R{2}                      0.050389385  0.032201430      1.56482  0.11974692
11. R{3}                     -0.020360018  0.032039959     -0.63546  0.52610510
12. R{4}                      0.005463632  0.024506433      0.22295  0.82388221
13. Constant                  0.101296856  0.089389427      1.13321  0.25894684

F-Tests, Dependent Variable U
Variable            F-Statistic       Signif
P                         1.2181     0.3055963
U                       768.8964     0.0000000
R                         3.6016     0.0078135

Dependent Variable R
Quarterly Data From 1960:01 To 2000:04
Usable Observations    164     Degrees of Freedom   149
Centered R**2     0.929424      R Bar **2   0.922793
Uncentered R**2   0.986704      T x R**2     161.819
Mean of Dependent Variable      6.5895325203
Std Error of Dependent Variable 3.1845205419
Standard Error of Estimate      0.8848575481
Sum of Squared Residuals        116.66295917
Durbin-Watson Statistic             1.990483

   Variable                     Coeff       Std Error      T-Stat     Signif
*******************************************************************************
1.  P{1}                      0.086681706  0.069818273      1.24153  0.21635972
2.  P{2}                      0.193629187  0.079363240      2.43978  0.01586991
3.  P{3}                     -0.078251794  0.079940966     -0.97887  0.32923100
4.  P{4}                     -0.027216260  0.073034803     -0.37265  0.70994012
5.  U{1}                     -1.565495571  0.331813884     -4.71799  0.00000544
6.  U{2}                      1.701522053  0.562130746      3.02692  0.00291181
7.  U{3}                     -0.882608931  0.548835480     -1.60815  0.10991956
8.  U{4}                      0.626827289  0.305843136      2.04951  0.04216644
9.  R{1}                      0.948523771  0.089170084     10.63724  0.00000000
10. R{2}                     -0.381029712  0.119451351     -3.18983  0.00173578
11. R{3}                      0.332094923  0.118852374      2.79418  0.00588761
12. R{4}                      0.029857615  0.090906726      0.32844  0.74303838
13. Constant                  0.505753383  0.331590484      1.52523  0.12932032

F-Tests, Dependent Variable R
Variable            F-Statistic       Signif
P                         5.6792     0.0002783
U                         7.6537     0.0000123
R                       199.4103     0.0000000

errors(model=var1) * nsteps v1

Decomposition of Variance for Series P

Step  Std Error        P         U         R
   1  0.956591202   100.000     0.000     0.000
   2  1.159981851    91.283     6.542     2.175
   3  1.234299643    89.602     7.988     2.410
   4  1.324001327    87.554    10.352     2.094
   5  1.460385786    85.544    12.735     1.722
   6  1.572984176    83.599    14.912     1.489
   7  1.651888015    82.556    16.066     1.378
   8  1.721980079    82.042    16.524     1.434
   9  1.789338806    81.842    16.603     1.555
  10  1.847088457    81.824    16.455     1.720
  11  1.895331806    81.892    16.122     1.986
  12  1.938369261    81.977    15.678     2.345
  13  1.977556857    82.052    15.204     2.744
  14  2.012565947    82.089    14.745     3.166
  15  2.043897988    82.063    14.319     3.618
  16  2.072337474    81.975    13.934     4.092
  17  2.098158521    81.834    13.593     4.573
  18  2.121456678    81.648    13.298     5.055
  19  2.142461167    81.418    13.044     5.537
  20  2.161410215    81.152    12.829     6.019
  21  2.178462394    80.858    12.648     6.494
  22  2.193765819    80.540    12.497     6.963
  23  2.207491762    80.202    12.375     7.423
  24  2.219804629    79.849    12.278     7.873
  25  2.230850598    79.485    12.204     8.312


Decomposition of Variance for Series U

Step  Std Error        P         U         R
   1  0.227367646     0.312    99.688     0.000
   2  0.407688371     0.159    99.837     0.004
   3  0.537038096     0.169    99.355     0.476
   4  0.630561487     0.628    97.688     1.684
   5  0.692597443     1.466    95.120     3.414
   6  0.733065918     2.742    91.634     5.625
   7  0.760717911     4.388    87.267     8.344
   8  0.784494107     6.462    82.298    11.240
   9  0.810204292     8.887    77.260    13.853
  10  0.840340839    11.450    72.682    15.868
  11  0.874795189    13.950    68.873    17.177
  12  0.912159048    16.319    65.854    17.827
  13  0.950653841    18.562    63.479    17.959
  14  0.988604070    20.692    61.566    17.742
  15  1.024764429    22.729    59.954    17.317
  16  1.058471196    24.699    58.520    16.781
  17  1.089524987    26.619    57.183    16.199
  18  1.117987113    28.491    55.900    15.609
  19  1.144058587    30.310    54.652    15.038
  20  1.168015683    32.068    53.435    14.497
  21  1.190146485    33.756    52.250    13.994
  22  1.210703168    35.364    51.102    13.533
  23  1.229888317    36.885    49.999    13.116
  24  1.247859439    38.313    48.946    12.741
  25  1.264734536    39.644    47.946    12.410


Decomposition of Variance for Series R

Step  Std Error        P         U         R
   1  0.843421311     1.675    18.982    79.343
   2  1.325616406     3.101    35.882    61.017
   3  1.591259389     6.998    44.068    48.933
   4  1.831032719     9.166    50.351    40.483
   5  2.048900646     8.883    55.279    35.838
   6  2.214216253     9.142    58.163    32.695
   7  2.340550727    10.349    59.521    30.130
   8  2.436611598    11.660    60.031    28.309
   9  2.504124635    12.699    60.161    27.140
  10  2.552798711    13.800    59.917    26.283
  11  2.592334281    15.103    59.337    25.559
  12  2.625480016    16.446    58.599    24.954
  13  2.653095758    17.716    57.830    24.454
  14  2.677662557    18.948    57.039    24.012
  15  2.701070698    20.174    56.228    23.598
  16  2.723536946    21.362    55.428    23.211
  17  2.744918487    22.485    54.663    22.852
  18  2.765453769    23.547    53.934    22.519
  19  2.785343087    24.553    53.240    22.208
  20  2.804513823    25.497    52.583    21.920
  21  2.822849570    26.374    51.969    21.657
  22  2.840323789    27.186    51.393    21.421
  23  2.856920751    27.934    50.855    21.210
  24  2.872591714    28.620    50.354    21.027
  25  2.887297138    29.243    49.886    20.871



linreg(noprint,define=1,frml=peq) p nfest nlest resp
# constant p{1 to nlags} u{1 to nlags} r{1 to nlags}
linreg(noprint,define=2,frml=ueq) u nfest nlest resu
# constant p{0 to nlags} u{1 to nlags} r{1 to nlags}
linreg(noprint,define=3,frml=req) r nfest nlest resr
# constant p{0 to nlags} u{0 to nlags} r{1 to nlags}
vcv(noprint,matrix=v) nfest nlest
# resp resu resr

vcv(noprint,matrix=vm) nfest nlest
# resp resu resr

impulse(noprint) neqn nsteps 1 v
# 1 impp_p 1 *
# 2 impp_u 1 *
# 3 impp_r 1 *
compute scl = impp_p(1)
set impp_p 1 nsteps = impp_p(t)/scl
set impp_u 1 nsteps = impp_u(t)/scl
set impp_r 1 nsteps = impp_r(t)/scl
print(nodates) 1 nsteps impp_p impp_u impp_r


 ENTRY       IMPP_P          IMPP_U          IMPP_R
      1   1.000000000000 -0.013271390517  0.114115917621
      2   0.585039960385  0.010648077382  0.215699669135
      3   0.386670869901  0.015565168496  0.366205074851
      4   0.430666902999  0.046889429826  0.377074044594
      5   0.562574405159  0.070394989023  0.267736021127
      6   0.516442649725  0.091729475737  0.286823896202
      7   0.448741301435  0.107946777045  0.360223233402
      8   0.443485003200  0.125328331291  0.370066463729
      9   0.452825334762  0.142438296969  0.337252636096
     10   0.432644293993  0.156879369897  0.335517017838
     11   0.405107517147  0.168242667188  0.355477208154
     12   0.388749421255  0.178104522129  0.360161857326
     13   0.375079050684  0.186905680432  0.351894306758
     14   0.356218356437  0.194108914400  0.349220583475
     15   0.335921336903  0.199611561862  0.351851423876
     16   0.317536757091  0.203865065408  0.350919233559
     17   0.299530304995  0.207137517689  0.346085261256
     18   0.280606246594  0.209402215674  0.341403066451
     19   0.261528819704  0.210674445713  0.337154650802
     20   0.242886837356  0.211089009010  0.331506974567
     21   0.224396506739  0.210749637107  0.324298722490
     22   0.205892409818  0.209687767819  0.316391626457
     23   0.187584700901  0.207931842434  0.307945928493
     24   0.169610628103  0.205532592073  0.298671253238
     25   0.151943655897  0.202536424350  0.288591981629



impulse(noprint) neqn nsteps 2 v
# 1 impu_p 1 *
# 2 impu_u 1 *
# 3 impu_r 1 *
compute scl = impu_u(1)
set impu_p 1 nsteps = impu_p(t)/scl
set impu_u 1 nsteps = impu_u(t)/scl
set impu_r 1 nsteps = impu_r(t)/scl
print(nodates) 1 nsteps impu_p impu_u impu_r


 ENTRY       IMPU_P          IMPU_U          IMPU_R
      1   0.000000000000  1.000000000000 -1.618675225199
      2  -1.306938024863  1.489941848282 -3.100847498928
      3  -0.808357189802  1.529829789022 -3.068727134913
      4  -1.076849174712  1.405917925939 -3.332312332235
      5  -1.322492696167  1.147572860644 -3.503329015747
      6  -1.374551075499  0.837483637546 -3.209918541979
      7  -1.160649511941  0.494111047553 -2.817429307899
      8  -1.000621500115  0.169424776339 -2.426344179249
      9  -0.898456775915 -0.114211978838 -2.010769807363
     10  -0.760657583545 -0.344052035204 -1.601715351491
     11  -0.586785272014 -0.517438445760 -1.268549730005
     12  -0.438904894897 -0.636319184489 -1.002129702810
     13  -0.326506854132 -0.707036061376 -0.779041208090
     14  -0.227064747161 -0.737345783083 -0.607682665832
     15  -0.136420195502 -0.735678977351 -0.494279519084
     16  -0.063606327221 -0.710728245352 -0.421957772839
     17  -0.008265882057 -0.670466836427 -0.373777960602
     18   0.036691353321 -0.621308148237 -0.344806612454
     19   0.074623027029 -0.568194055109 -0.331262207039
     20   0.105753787311 -0.514899648081 -0.325014095128
     21   0.131541101031 -0.464051801876 -0.319377963955
     22   0.154307238214 -0.417157405298 -0.311963744282
     23   0.175301855947 -0.374866280860 -0.301740151286
     24   0.194886899688 -0.337268522704 -0.287333805138
     25   0.213430889207 -0.304069385969 -0.268070958130



impulse(noprint) neqn nsteps 3 v
# 1 impr_p 1 *
# 2 impr_u 1 *
# 3 impr_r 1 *
compute scl = impr_r(1)
set impr_p 1 nsteps = impr_p(t)/scl
set impr_u 1 nsteps = impr_u(t)/scl
set impr_r 1 nsteps = impr_r(t)/scl
print(nodates) 1 nsteps impr_p impr_u impr_r


 ENTRY       IMPR_P          IMPR_U          IMPR_R
      1   0.000000000000  0.000000000000  1.000000000000
      2   0.227700686573 -0.003357547051  0.948523770598
      3   0.114866461352  0.049218226765  0.543661340171
      4  -0.002219381796  0.097103100232  0.457637351682
      5  -0.002619483301  0.130969057789  0.510712285019
      6   0.014753818606  0.156644206524  0.417721214702
      7  -0.036838168127  0.178885168349  0.290420724670
      8  -0.093251396094  0.192369704670  0.231266687016
      9  -0.113590916790  0.196359700690  0.193437957685
     10  -0.125580809741  0.193443283611  0.139083361133
     11  -0.149584075653  0.185369160531  0.092730281281
     12  -0.172396250379  0.172905157568  0.066478320960
     13  -0.184564245699  0.157379413634  0.045775054359
     14  -0.192519157461  0.140228713560  0.024252453627
     15  -0.201335677259  0.122368617012  0.007388637090
     16  -0.208724558517  0.104436108197 -0.004129127883
     17  -0.212907359578  0.087033548162 -0.014698730076
     18  -0.215401417720  0.070581456208 -0.025721478343
     19  -0.217442625188  0.055252100894 -0.035908910954
     20  -0.218694319891  0.041101999903 -0.045233881364
     21  -0.218860544988  0.028149074476 -0.054686988371
     22  -0.218277995613  0.016348701332 -0.064423623917
     23  -0.217206175793  0.005597296126 -0.073972384671
     24  -0.215579410025 -0.004220970899 -0.083169254097
     25  -0.213337535333 -0.013209771274 -0.092090023260




* -- Main Model: SET ORDER HERE (%%)
group(vcv=vm) mainmod $
peq>>f_p $
ueq>>f_u $
req>>f_r


**************************
set impp_u1 1 nsteps = 0
set impp_p1 1 nsteps = 0
set impp_r1 1 nsteps = 0
set impp_u2 1 nsteps = 0
set impp_p2 1 nsteps = 0
set impp_r2 1 nsteps = 0

set impu_u1 1 nsteps = 0
set impu_p1 1 nsteps = 0
set impu_r1 1 nsteps = 0
set impu_u2 1 nsteps = 0
set impu_p2 1 nsteps = 0
set impu_r2 1 nsteps = 0

set impr_u1 1 nsteps = 0
set impr_p1 1 nsteps = 0
set impr_r1 1 nsteps = 0
set impr_u2 1 nsteps = 0
set impr_p2 1 nsteps = 0
set impr_r2 1 nsteps = 0

* Loop for Standard Error Bands
*
do draws=1,ndraws
(01.0032)
(01.0032)    smpl nfest nlest
(01.0055)
(01.0055)    simulate(model=mainmod) 3 * * vm
(01.0087)
(01.0087)    set u nfest nlest = f_u
(01.0133)    set p nfest nlest = f_p
(01.0179)    set r nfest nlest = f_r
(01.0225)
(01.0225) linreg(noprint,define=1) p nfest nlest resp
(01.0280) # constant p{1 to nlags} u{1 to nlags} r{1 to nlags}
(01.0433) linreg(noprint,define=2) u nfest nlest resu
(01.0488) # constant p{0 to nlags} u{1 to nlags} r{1 to nlags}
(01.0641) linreg(noprint,define=3) r nfest nlest resr
(01.0696) # constant p{0 to nlags} u{0 to nlags} r{1 to nlags}
(01.0849) vcv(noprint,matrix=v) nfest nlest
(01.0886) # resp resu resr
(01.0919)
(01.0919) impulse(noprint) neqn nsteps 1 v
(01.0960) # 1 impp_p 1 *
(01.0986) # 2 impp_u 1 *
(01.1012) # 3 impp_r 1 *
(01.1038) compute scl = impp_p(1)
(01.1060) set impp_p 1 nsteps = impp_p(t)/scl
(01.1114) set impp_u 1 nsteps = impp_u(t)/scl
(01.1168) set impp_r 1 nsteps = impp_r(t)/scl
(01.1222)
(01.1222) impulse(noprint) neqn nsteps 2 v
(01.1263) # 1 impu_p 1 *
(01.1289) # 2 impu_u 1 *
(01.1315) # 3 impu_r 1 *
(01.1341) compute scl = impu_u(1)
(01.1363) set impu_p 1 nsteps = impu_p(t)/scl
(01.1417) set impu_u 1 nsteps = impu_u(t)/scl
(01.1471) set impu_r 1 nsteps = impu_r(t)/scl
(01.1525)
(01.1525) impulse(noprint) neqn nsteps 3 v
(01.1566) # 1 impr_p 1 *
(01.1592) # 2 impr_u 1 *
(01.1618) # 3 impr_r 1 *
(01.1644) compute scl = impr_r(1)
(01.1666) set impr_p 1 nsteps = impr_p(t)/scl
(01.1720) set impr_u 1 nsteps = impr_u(t)/scl
(01.1774) set impr_r 1 nsteps = impr_r(t)/scl
(01.1828)
(01.1828) set impp_u1 1 nsteps = impp_u1(t)+impp_u(t)
(01.1887) set impp_p1 1 nsteps = impp_p1(t)+impp_p(t)
(01.1946) set impp_r1 1 nsteps = impp_r1(t)+impp_r(t)
(01.2005) set impp_u2 1 nsteps = impp_u2(t)+impp_u(t)**2
(01.2069) set impp_p2 1 nsteps = impp_p2(t)+impp_p(t)**2
(01.2133) set impp_r2 1 nsteps = impp_r2(t)+impp_r(t)**2
(01.2197)
(01.2197) set impu_u1 1 nsteps = impu_u1(t)+impu_u(t)
(01.2256) set impu_p1 1 nsteps = impu_p1(t)+impu_p(t)
(01.2315) set impu_r1 1 nsteps = impu_r1(t)+impu_r(t)
(01.2374) set impu_u2 1 nsteps = impu_u2(t)+impu_u(t)**2
(01.2438) set impu_p2 1 nsteps = impu_p2(t)+impu_p(t)**2
(01.2502) set impu_r2 1 nsteps = impu_r2(t)+impu_r(t)**2
(01.2566)
(01.2566) set impr_u1 1 nsteps = impr_u1(t)+impr_u(t)
(01.2625) set impr_p1 1 nsteps = impr_p1(t)+impr_p(t)
(01.2684) set impr_r1 1 nsteps = impr_r1(t)+impr_r(t)
(01.2743) set impr_u2 1 nsteps = impr_u2(t)+impr_u(t)**2
(01.2807) set impr_p2 1 nsteps = impr_p2(t)+impr_p(t)**2
(01.2871) set impr_r2 1 nsteps = impr_r2(t)+impr_r(t)**2
(01.2935)
(01.2935) end do draws
smpl 1 nsteps
set impp_u1 1 nsteps = impp_u1(t)/ndraws
set impp_p1 1 nsteps = impp_p1(t)/ndraws
set impp_r1 1 nsteps = impp_r1(t)/ndraws
set impp_u2 1 nsteps = impp_u2(t)/ndraws
set impp_p2 1 nsteps = impp_p2(t)/ndraws
set impp_r2 1 nsteps = impp_r2(t)/ndraws

set impu_u1 1 nsteps = impu_u1(t)/ndraws
set impu_p1 1 nsteps = impu_p1(t)/ndraws
set impu_r1 1 nsteps = impu_r1(t)/ndraws
set impu_u2 1 nsteps = impu_u2(t)/ndraws
set impu_p2 1 nsteps = impu_p2(t)/ndraws
set impu_r2 1 nsteps = impu_r2(t)/ndraws

set impr_u1 1 nsteps = impr_u1(t)/ndraws
set impr_p1 1 nsteps = impr_p1(t)/ndraws
set impr_r1 1 nsteps = impr_r1(t)/ndraws
set impr_u2 1 nsteps = impr_u2(t)/ndraws
set impr_p2 1 nsteps = impr_p2(t)/ndraws
set impr_r2 1 nsteps = impr_r2(t)/ndraws

set sep_p 1 nsteps = sqrt(impp_p2(t)-(impp_p1(t)**2))
set sep_u 1 nsteps = sqrt(impp_u2(t)-(impp_u1(t)**2))
set sep_r 1 nsteps = sqrt(impp_r2(t)-(impp_r1(t)**2))

set seu_p 1 nsteps = sqrt(impu_p2(t)-(impu_p1(t)**2))
set seu_u 1 nsteps = sqrt(impu_u2(t)-(impu_u1(t)**2))
set seu_r 1 nsteps = sqrt(impu_r2(t)-(impu_r1(t)**2))

set ser_p 1 nsteps = sqrt(impr_p2(t)-(impr_p1(t)**2))
set ser_u 1 nsteps = sqrt(impr_u2(t)-(impr_u1(t)**2))
set ser_r 1 nsteps = sqrt(impr_r2(t)-(impr_r1(t)**2))

print(nodates) 1 nsteps sep_p sep_u sep_r


 ENTRY        SEP_P           SEP_U           SEP_R
      1   0.000000000000  0.019157054655  0.073719074611
      2   0.080960858054  0.034174979565  0.106353443878
      3   0.092276367839  0.042171808131  0.120339886671
      4   0.094376203740  0.047918919716  0.135738813024
      5   0.082246643187  0.045320778608  0.131967001110
      6   0.089775307287  0.043462288020  0.129410563089
      7   0.099268839541  0.043407534159  0.135433403084
      8   0.103681892576  0.043652856124  0.140465389623
      9   0.105516805806  0.044646096562  0.141968395848
     10   0.110401652769  0.045802223484  0.143790474995
     11   0.114793137859  0.046591042939  0.145337632243
     12   0.117867997869  0.047310588801  0.147020619455
     13   0.120153023409  0.048209972431  0.148580712546
     14   0.122279352885  0.049245162240  0.149686091271
     15   0.123655916337  0.050521015192  0.150593348127
     16   0.124514159520  0.052103173940  0.151570343891
     17   0.124899421541  0.053910974182  0.152472846246
     18   0.124741616065  0.055859218173  0.153133156943
     19   0.124116812966  0.057879915961  0.153614157827
     20   0.123238681789  0.059878525061  0.153898617064
     21   0.122096259237  0.061775090770  0.153847661910
     22   0.120626552672  0.063540043872  0.153401031576
     23   0.118947884026  0.065157646847  0.152615670903
     24   0.117212857790  0.066602261028  0.151524414145
     25   0.115415123749  0.067857157890  0.150126416727


print(nodates) 1 nsteps seu_p seu_u seu_r


 ENTRY        SEU_P           SEU_U           SEU_R
      1   0.000000000000  0.000000000000  0.259595428909
      2   0.341176007292  0.083620741256  0.402210692581
      3   0.416641128694  0.144296866661  0.488574097438
      4   0.360291719010  0.186486524633  0.540815672954
      5   0.374705325491  0.222831677477  0.616491374561
      6   0.421621048709  0.245279021458  0.671879892009
      7   0.459330308782  0.254733571312  0.718202184611
      8   0.484086564704  0.255917559127  0.749316871563
      9   0.507775377397  0.253282065986  0.766933582796
     10   0.529063236399  0.250040111852  0.771764756884
     11   0.536534503114  0.248037049545  0.763148436545
     12   0.530479266239  0.248253593061  0.742711738840
     13   0.518174656537  0.251455986482  0.712314649601
     14   0.500596214941  0.257674263354  0.674349659772
     15   0.479212963229  0.265955747060  0.633989573324
     16   0.456278905873  0.274743017059  0.595134534361
     17   0.433929114996  0.282344439892  0.559690125398
     18   0.413336622137  0.287439299314  0.528866303231
     19   0.395497865071  0.289409058689  0.503371114038
     20   0.380268071912  0.288198058574  0.482985285529
     21   0.367142960785  0.284162698892  0.466362754291
     22   0.355788833124  0.277940364239  0.452088158154
     23   0.345893424414  0.270276307265  0.439261776294
     24   0.337023913183  0.261868052292  0.427129953102
     25   0.328874627889  0.253301887623  0.415042275292


print(nodates) 1 nsteps ser_p ser_u ser_r


 ENTRY        SER_P           SER_U           SER_R
      1   0.000000000000  0.000000000000  0.000000000000
      2   0.100117123934  0.024275440862  0.090138882970
      3   0.118872277828  0.040220197479  0.134534361282
      4   0.118193618044  0.052582850912  0.156040421181
      5   0.088550044959  0.054155959757  0.152208654189
      6   0.093159193707  0.049679495315  0.147220254444
      7   0.108725877006  0.048553414835  0.152188104425
      8   0.112949450739  0.048495850942  0.155379621534
      9   0.107157771897  0.048609383890  0.153483022774
     10   0.107609374261  0.049687155248  0.150225069166
     11   0.112031361145  0.051330311337  0.145600832924
     12   0.112697505976  0.052933480384  0.142159593620
     13   0.111004154388  0.054546483443  0.140160528044
     14   0.110967171618  0.055967198574  0.137605937460
     15   0.111929329247  0.057001588028  0.134154260479
     16   0.111615561848  0.057682997795  0.131588123158
     17   0.110833526176  0.058094495356  0.129926197137
     18   0.110588336345  0.058294847895  0.127956156329
     19   0.110369496710  0.058377167335  0.125598404165
     20   0.109551372510  0.058421030404  0.123575340386
     21   0.108592382958  0.058464100994  0.121807418253
     22   0.107732332263  0.058534362549  0.119934902782
     23   0.106746505971  0.058642747168  0.118115259524
     24   0.105556450517  0.058766822453  0.116619190281
     25   0.104342093707  0.058870025048  0.115364336468





end 1


Normal Completion. Halt at 1

